<?xml version="1.0" encoding="UTF-8" standalone="no"?>
<!DOCTYPE log SYSTEM "logger.dtd">
<log>
<record>
  <date>2019-03-07T12:51:06</date>
  <millis>1551943266566</millis>
  <sequence>0</sequence>
  <level>START</level>
  <class>com.kms.katalon.core.logging.XmlKeywordLogger</class>
  <method>startSuite</method>
  <thread>1</thread>
  <message>Start Test Suite : Test Suites/Bajaj</message>
  <nestedLevel>0</nestedLevel>
  <property name="name">Bajaj</property>
  <property name="description"></property>
  <property name="id">Test Suites/Bajaj</property>
</record>
<record>
  <date>2019-03-07T12:51:06</date>
  <millis>1551943266578</millis>
  <sequence>1</sequence>
  <level>RUN_DATA</level>
  <class>com.kms.katalon.core.logging.XmlKeywordLogger</class>
  <method>logMessage</method>
  <thread>1</thread>
  <message>hostName = chirag.jain - RACLAP23-COMP.ZSPL.LOCAL</message>
  <nestedLevel>0</nestedLevel>
  <property name="hostName">chirag.jain - RACLAP23-COMP.ZSPL.LOCAL</property>
</record>
<record>
  <date>2019-03-07T12:51:06</date>
  <millis>1551943266579</millis>
  <sequence>2</sequence>
  <level>RUN_DATA</level>
  <class>com.kms.katalon.core.logging.XmlKeywordLogger</class>
  <method>logMessage</method>
  <thread>1</thread>
  <message>os = Windows 10 64bit</message>
  <nestedLevel>0</nestedLevel>
  <property name="os">Windows 10 64bit</property>
</record>
<record>
  <date>2019-03-07T12:51:06</date>
  <millis>1551943266579</millis>
  <sequence>3</sequence>
  <level>RUN_DATA</level>
  <class>com.kms.katalon.core.logging.XmlKeywordLogger</class>
  <method>logMessage</method>
  <thread>1</thread>
  <message>hostAddress = 192.168.4.30</message>
  <nestedLevel>0</nestedLevel>
  <property name="hostAddress">192.168.4.30</property>
</record>
<record>
  <date>2019-03-07T12:51:06</date>
  <millis>1551943266580</millis>
  <sequence>4</sequence>
  <level>RUN_DATA</level>
  <class>com.kms.katalon.core.logging.XmlKeywordLogger</class>
  <method>logMessage</method>
  <thread>1</thread>
  <message>katalonVersion = 5.10.1.1</message>
  <nestedLevel>0</nestedLevel>
  <property name="katalonVersion">5.10.1.1</property>
</record>
<record>
  <date>2019-03-07T12:51:06</date>
  <millis>1551943266751</millis>
  <sequence>5</sequence>
  <level>START</level>
  <class>com.kms.katalon.core.logging.XmlKeywordLogger</class>
  <method>startTest</method>
  <thread>1</thread>
  <message>Start Test Case : Test Cases/Test1By Chirag</message>
  <nestedLevel>1</nestedLevel>
  <property name="name">Test Cases/Test1By Chirag</property>
  <property name="description"></property>
  <property name="id">Test Cases/Test1By Chirag</property>
  <property name="source">D:\\Katlon Studio\\KatalonData\\Test Cases\\Test1By Chirag.tc</property>
  <property name="isOptional">false</property>
</record>
<record>
  <date>2019-03-07T12:51:06</date>
  <millis>1551943266811</millis>
  <sequence>7</sequence>
  <level>INFO</level>
  <class>com.kms.katalon.core.logging.XmlKeywordLogger</class>
  <method>logMessage</method>
  <thread>1</thread>
  <message>(Default) Input = </message>
  <nestedLevel>1</nestedLevel>
</record>
<record>
  <date>2019-03-07T12:51:06</date>
  <millis>1551943266812</millis>
  <sequence>8</sequence>
  <level>INFO</level>
  <class>com.kms.katalon.core.logging.XmlKeywordLogger</class>
  <method>logMessage</method>
  <thread>1</thread>
  <message>(Default) ItemText = </message>
  <nestedLevel>1</nestedLevel>
</record>
<record>
  <date>2019-03-07T12:51:07</date>
  <millis>1551943267079</millis>
  <sequence>9</sequence>
  <level>START</level>
  <class>com.kms.katalon.core.logging.XmlKeywordLogger</class>
  <method>startKeyword</method>
  <thread>1</thread>
  <message>Start action : driver = new org.openqa.selenium.remote.RemoteWebDriver(new java.net.URL(http://localhost:4444/wd/hub), org.openqa.selenium.remote.DesiredCapabilities.chrome())</message>
  <nestedLevel>1</nestedLevel>
  <property name="startLine">23</property>
  <property name="stepIndex">1</property>
</record>
